[1.520s] DEBUG:colcon:Command line arguments: ['/usr/bin/colcon', 'list', '-p', '--base-paths', '/home/elie/CORO-IMARO/M2/Semester2/Coding/my_master_thesis/visualize_ros2_bags']
[1.520s] DEBUG:colcon:Parsed command line arguments: Namespace(base_paths=['/home/elie/CORO-IMARO/M2/Semester2/Coding/my_master_thesis/visualize_ros2_bags'], build_base='build', ignore_user_meta=False, log_base=None, log_level=None, main=<bound method ListVerb.main of <colcon_package_information.verb.list.ListVerb object at 0x7f4d9f563a60>>, metas=['./colcon.meta'], names_only=False, packages_above=None, packages_above_and_dependencies=None, packages_above_depth=None, packages_end=None, packages_ignore=None, packages_ignore_regex=None, packages_select=None, packages_select_build_failed=False, packages_select_by_dep=None, packages_select_regex=None, packages_select_test_failures=False, packages_skip=None, packages_skip_build_finished=False, packages_skip_by_dep=None, packages_skip_regex=None, packages_skip_test_passed=False, packages_skip_up_to=None, packages_start=None, packages_up_to=None, packages_up_to_regex=None, paths=None, paths_only=True, topological_graph=False, topological_graph_density=False, topological_graph_dot=False, topological_graph_dot_cluster=False, topological_graph_dot_include_skipped=False, topological_graph_legend=False, topological_order=False, verb_extension=<colcon_package_information.verb.list.ListVerb object at 0x7f4d9f563a60>, verb_name='list', verb_parser=<colcon_defaults.argument_parser.defaults.DefaultArgumentsDecorator object at 0x7f4d9f491370>)
[1.693s] Level 1:colcon.colcon_core.package_discovery:discover_packages(colcon_meta) check parameters
[1.693s] Level 1:colcon.colcon_core.package_discovery:discover_packages(recursive) check parameters
[1.693s] Level 1:colcon.colcon_core.package_discovery:discover_packages(ignore) check parameters
[1.693s] Level 1:colcon.colcon_core.package_discovery:discover_packages(path) check parameters
[1.693s] Level 1:colcon.colcon_core.package_discovery:discover_packages(recursive) discover
[1.694s] INFO:colcon.colcon_core.package_discovery:Crawling recursively for packages in '/home/elie/CORO-IMARO/M2/Semester2/Coding/my_master_thesis/visualize_ros2_bags'
[1.694s] Level 1:colcon.colcon_core.package_identification:_identify(/home/elie/CORO-IMARO/M2/Semester2/Coding/my_master_thesis/visualize_ros2_bags) by extensions ['ignore', 'ignore_ament_install']
[1.694s] Level 1:colcon.colcon_core.package_identification:_identify(/home/elie/CORO-IMARO/M2/Semester2/Coding/my_master_thesis/visualize_ros2_bags) by extension 'ignore'
[1.695s] Level 1:colcon.colcon_core.package_identification:_identify(/home/elie/CORO-IMARO/M2/Semester2/Coding/my_master_thesis/visualize_ros2_bags) by extension 'ignore_ament_install'
[1.695s] Level 1:colcon.colcon_core.package_identification:_identify(/home/elie/CORO-IMARO/M2/Semester2/Coding/my_master_thesis/visualize_ros2_bags) by extensions ['colcon_pkg']
[1.695s] Level 1:colcon.colcon_core.package_identification:_identify(/home/elie/CORO-IMARO/M2/Semester2/Coding/my_master_thesis/visualize_ros2_bags) by extension 'colcon_pkg'
[1.695s] Level 1:colcon.colcon_core.package_identification:_identify(/home/elie/CORO-IMARO/M2/Semester2/Coding/my_master_thesis/visualize_ros2_bags) by extensions ['colcon_meta']
[1.695s] Level 1:colcon.colcon_core.package_identification:_identify(/home/elie/CORO-IMARO/M2/Semester2/Coding/my_master_thesis/visualize_ros2_bags) by extension 'colcon_meta'
[1.696s] Level 1:colcon.colcon_core.package_identification:_identify(/home/elie/CORO-IMARO/M2/Semester2/Coding/my_master_thesis/visualize_ros2_bags) by extensions ['ros']
[1.696s] Level 1:colcon.colcon_core.package_identification:_identify(/home/elie/CORO-IMARO/M2/Semester2/Coding/my_master_thesis/visualize_ros2_bags) by extension 'ros'
[1.738s] Level 1:colcon.colcon_core.package_identification:_identify(/home/elie/CORO-IMARO/M2/Semester2/Coding/my_master_thesis/visualize_ros2_bags) by extensions ['cmake', 'python']
[1.738s] Level 1:colcon.colcon_core.package_identification:_identify(/home/elie/CORO-IMARO/M2/Semester2/Coding/my_master_thesis/visualize_ros2_bags) by extension 'cmake'
[1.739s] Level 1:colcon.colcon_core.package_identification:_identify(/home/elie/CORO-IMARO/M2/Semester2/Coding/my_master_thesis/visualize_ros2_bags) by extension 'python'
[1.739s] Level 1:colcon.colcon_core.package_identification:_identify(/home/elie/CORO-IMARO/M2/Semester2/Coding/my_master_thesis/visualize_ros2_bags) by extensions ['python_setup_py']
[1.739s] Level 1:colcon.colcon_core.package_identification:_identify(/home/elie/CORO-IMARO/M2/Semester2/Coding/my_master_thesis/visualize_ros2_bags) by extension 'python_setup_py'
[1.739s] Level 1:colcon.colcon_core.package_identification:_identify(/home/elie/CORO-IMARO/M2/Semester2/Coding/my_master_thesis/visualize_ros2_bags/figures) by extensions ['ignore', 'ignore_ament_install']
[1.740s] Level 1:colcon.colcon_core.package_identification:_identify(/home/elie/CORO-IMARO/M2/Semester2/Coding/my_master_thesis/visualize_ros2_bags/figures) by extension 'ignore'
[1.740s] Level 1:colcon.colcon_core.package_identification:_identify(/home/elie/CORO-IMARO/M2/Semester2/Coding/my_master_thesis/visualize_ros2_bags/figures) by extension 'ignore_ament_install'
[1.740s] Level 1:colcon.colcon_core.package_identification:_identify(/home/elie/CORO-IMARO/M2/Semester2/Coding/my_master_thesis/visualize_ros2_bags/figures) by extensions ['colcon_pkg']
[1.740s] Level 1:colcon.colcon_core.package_identification:_identify(/home/elie/CORO-IMARO/M2/Semester2/Coding/my_master_thesis/visualize_ros2_bags/figures) by extension 'colcon_pkg'
[1.741s] Level 1:colcon.colcon_core.package_identification:_identify(/home/elie/CORO-IMARO/M2/Semester2/Coding/my_master_thesis/visualize_ros2_bags/figures) by extensions ['colcon_meta']
[1.741s] Level 1:colcon.colcon_core.package_identification:_identify(/home/elie/CORO-IMARO/M2/Semester2/Coding/my_master_thesis/visualize_ros2_bags/figures) by extension 'colcon_meta'
[1.741s] Level 1:colcon.colcon_core.package_identification:_identify(/home/elie/CORO-IMARO/M2/Semester2/Coding/my_master_thesis/visualize_ros2_bags/figures) by extensions ['ros']
[1.741s] Level 1:colcon.colcon_core.package_identification:_identify(/home/elie/CORO-IMARO/M2/Semester2/Coding/my_master_thesis/visualize_ros2_bags/figures) by extension 'ros'
[1.741s] Level 1:colcon.colcon_core.package_identification:_identify(/home/elie/CORO-IMARO/M2/Semester2/Coding/my_master_thesis/visualize_ros2_bags/figures) by extensions ['cmake', 'python']
[1.742s] Level 1:colcon.colcon_core.package_identification:_identify(/home/elie/CORO-IMARO/M2/Semester2/Coding/my_master_thesis/visualize_ros2_bags/figures) by extension 'cmake'
[1.742s] Level 1:colcon.colcon_core.package_identification:_identify(/home/elie/CORO-IMARO/M2/Semester2/Coding/my_master_thesis/visualize_ros2_bags/figures) by extension 'python'
[1.742s] Level 1:colcon.colcon_core.package_identification:_identify(/home/elie/CORO-IMARO/M2/Semester2/Coding/my_master_thesis/visualize_ros2_bags/figures) by extensions ['python_setup_py']
[1.742s] Level 1:colcon.colcon_core.package_identification:_identify(/home/elie/CORO-IMARO/M2/Semester2/Coding/my_master_thesis/visualize_ros2_bags/figures) by extension 'python_setup_py'
[1.743s] Level 1:colcon.colcon_core.package_identification:_identify(/home/elie/CORO-IMARO/M2/Semester2/Coding/my_master_thesis/visualize_ros2_bags/log) by extensions ['ignore', 'ignore_ament_install']
[1.743s] Level 1:colcon.colcon_core.package_identification:_identify(/home/elie/CORO-IMARO/M2/Semester2/Coding/my_master_thesis/visualize_ros2_bags/log) by extension 'ignore'
[1.743s] Level 1:colcon.colcon_core.package_identification:_identify(/home/elie/CORO-IMARO/M2/Semester2/Coding/my_master_thesis/visualize_ros2_bags/log) ignored
[1.744s] Level 1:colcon.colcon_core.package_identification:_identify(/home/elie/CORO-IMARO/M2/Semester2/Coding/my_master_thesis/visualize_ros2_bags/ros_bags) by extensions ['ignore', 'ignore_ament_install']
[1.744s] Level 1:colcon.colcon_core.package_identification:_identify(/home/elie/CORO-IMARO/M2/Semester2/Coding/my_master_thesis/visualize_ros2_bags/ros_bags) by extension 'ignore'
[1.744s] Level 1:colcon.colcon_core.package_identification:_identify(/home/elie/CORO-IMARO/M2/Semester2/Coding/my_master_thesis/visualize_ros2_bags/ros_bags) by extension 'ignore_ament_install'
[1.744s] Level 1:colcon.colcon_core.package_identification:_identify(/home/elie/CORO-IMARO/M2/Semester2/Coding/my_master_thesis/visualize_ros2_bags/ros_bags) by extensions ['colcon_pkg']
[1.744s] Level 1:colcon.colcon_core.package_identification:_identify(/home/elie/CORO-IMARO/M2/Semester2/Coding/my_master_thesis/visualize_ros2_bags/ros_bags) by extension 'colcon_pkg'
[1.745s] Level 1:colcon.colcon_core.package_identification:_identify(/home/elie/CORO-IMARO/M2/Semester2/Coding/my_master_thesis/visualize_ros2_bags/ros_bags) by extensions ['colcon_meta']
[1.745s] Level 1:colcon.colcon_core.package_identification:_identify(/home/elie/CORO-IMARO/M2/Semester2/Coding/my_master_thesis/visualize_ros2_bags/ros_bags) by extension 'colcon_meta'
[1.745s] Level 1:colcon.colcon_core.package_identification:_identify(/home/elie/CORO-IMARO/M2/Semester2/Coding/my_master_thesis/visualize_ros2_bags/ros_bags) by extensions ['ros']
[1.745s] Level 1:colcon.colcon_core.package_identification:_identify(/home/elie/CORO-IMARO/M2/Semester2/Coding/my_master_thesis/visualize_ros2_bags/ros_bags) by extension 'ros'
[1.745s] Level 1:colcon.colcon_core.package_identification:_identify(/home/elie/CORO-IMARO/M2/Semester2/Coding/my_master_thesis/visualize_ros2_bags/ros_bags) by extensions ['cmake', 'python']
[1.745s] Level 1:colcon.colcon_core.package_identification:_identify(/home/elie/CORO-IMARO/M2/Semester2/Coding/my_master_thesis/visualize_ros2_bags/ros_bags) by extension 'cmake'
[1.745s] Level 1:colcon.colcon_core.package_identification:_identify(/home/elie/CORO-IMARO/M2/Semester2/Coding/my_master_thesis/visualize_ros2_bags/ros_bags) by extension 'python'
[1.746s] Level 1:colcon.colcon_core.package_identification:_identify(/home/elie/CORO-IMARO/M2/Semester2/Coding/my_master_thesis/visualize_ros2_bags/ros_bags) by extensions ['python_setup_py']
[1.746s] Level 1:colcon.colcon_core.package_identification:_identify(/home/elie/CORO-IMARO/M2/Semester2/Coding/my_master_thesis/visualize_ros2_bags/ros_bags) by extension 'python_setup_py'
[1.746s] Level 1:colcon.colcon_core.package_identification:_identify(/home/elie/CORO-IMARO/M2/Semester2/Coding/my_master_thesis/visualize_ros2_bags/ros_bags/rosbag2_2021-07-12-15-24-56.bag) by extensions ['ignore', 'ignore_ament_install']
[1.746s] Level 1:colcon.colcon_core.package_identification:_identify(/home/elie/CORO-IMARO/M2/Semester2/Coding/my_master_thesis/visualize_ros2_bags/ros_bags/rosbag2_2021-07-12-15-24-56.bag) by extension 'ignore'
[1.747s] Level 1:colcon.colcon_core.package_identification:_identify(/home/elie/CORO-IMARO/M2/Semester2/Coding/my_master_thesis/visualize_ros2_bags/ros_bags/rosbag2_2021-07-12-15-24-56.bag) by extension 'ignore_ament_install'
[1.747s] Level 1:colcon.colcon_core.package_identification:_identify(/home/elie/CORO-IMARO/M2/Semester2/Coding/my_master_thesis/visualize_ros2_bags/ros_bags/rosbag2_2021-07-12-15-24-56.bag) by extensions ['colcon_pkg']
[1.747s] Level 1:colcon.colcon_core.package_identification:_identify(/home/elie/CORO-IMARO/M2/Semester2/Coding/my_master_thesis/visualize_ros2_bags/ros_bags/rosbag2_2021-07-12-15-24-56.bag) by extension 'colcon_pkg'
[1.747s] Level 1:colcon.colcon_core.package_identification:_identify(/home/elie/CORO-IMARO/M2/Semester2/Coding/my_master_thesis/visualize_ros2_bags/ros_bags/rosbag2_2021-07-12-15-24-56.bag) by extensions ['colcon_meta']
[1.747s] Level 1:colcon.colcon_core.package_identification:_identify(/home/elie/CORO-IMARO/M2/Semester2/Coding/my_master_thesis/visualize_ros2_bags/ros_bags/rosbag2_2021-07-12-15-24-56.bag) by extension 'colcon_meta'
[1.747s] Level 1:colcon.colcon_core.package_identification:_identify(/home/elie/CORO-IMARO/M2/Semester2/Coding/my_master_thesis/visualize_ros2_bags/ros_bags/rosbag2_2021-07-12-15-24-56.bag) by extensions ['ros']
[1.747s] Level 1:colcon.colcon_core.package_identification:_identify(/home/elie/CORO-IMARO/M2/Semester2/Coding/my_master_thesis/visualize_ros2_bags/ros_bags/rosbag2_2021-07-12-15-24-56.bag) by extension 'ros'
[1.748s] Level 1:colcon.colcon_core.package_identification:_identify(/home/elie/CORO-IMARO/M2/Semester2/Coding/my_master_thesis/visualize_ros2_bags/ros_bags/rosbag2_2021-07-12-15-24-56.bag) by extensions ['cmake', 'python']
[1.748s] Level 1:colcon.colcon_core.package_identification:_identify(/home/elie/CORO-IMARO/M2/Semester2/Coding/my_master_thesis/visualize_ros2_bags/ros_bags/rosbag2_2021-07-12-15-24-56.bag) by extension 'cmake'
[1.748s] Level 1:colcon.colcon_core.package_identification:_identify(/home/elie/CORO-IMARO/M2/Semester2/Coding/my_master_thesis/visualize_ros2_bags/ros_bags/rosbag2_2021-07-12-15-24-56.bag) by extension 'python'
[1.748s] Level 1:colcon.colcon_core.package_identification:_identify(/home/elie/CORO-IMARO/M2/Semester2/Coding/my_master_thesis/visualize_ros2_bags/ros_bags/rosbag2_2021-07-12-15-24-56.bag) by extensions ['python_setup_py']
[1.748s] Level 1:colcon.colcon_core.package_identification:_identify(/home/elie/CORO-IMARO/M2/Semester2/Coding/my_master_thesis/visualize_ros2_bags/ros_bags/rosbag2_2021-07-12-15-24-56.bag) by extension 'python_setup_py'
[1.748s] Level 1:colcon.colcon_core.package_identification:_identify(/home/elie/CORO-IMARO/M2/Semester2/Coding/my_master_thesis/visualize_ros2_bags/ros_bags/rosbag2_2021_07_21-18_11_48.bag) by extensions ['ignore', 'ignore_ament_install']
[1.749s] Level 1:colcon.colcon_core.package_identification:_identify(/home/elie/CORO-IMARO/M2/Semester2/Coding/my_master_thesis/visualize_ros2_bags/ros_bags/rosbag2_2021_07_21-18_11_48.bag) by extension 'ignore'
[1.749s] Level 1:colcon.colcon_core.package_identification:_identify(/home/elie/CORO-IMARO/M2/Semester2/Coding/my_master_thesis/visualize_ros2_bags/ros_bags/rosbag2_2021_07_21-18_11_48.bag) by extension 'ignore_ament_install'
[1.749s] Level 1:colcon.colcon_core.package_identification:_identify(/home/elie/CORO-IMARO/M2/Semester2/Coding/my_master_thesis/visualize_ros2_bags/ros_bags/rosbag2_2021_07_21-18_11_48.bag) by extensions ['colcon_pkg']
[1.749s] Level 1:colcon.colcon_core.package_identification:_identify(/home/elie/CORO-IMARO/M2/Semester2/Coding/my_master_thesis/visualize_ros2_bags/ros_bags/rosbag2_2021_07_21-18_11_48.bag) by extension 'colcon_pkg'
[1.750s] Level 1:colcon.colcon_core.package_identification:_identify(/home/elie/CORO-IMARO/M2/Semester2/Coding/my_master_thesis/visualize_ros2_bags/ros_bags/rosbag2_2021_07_21-18_11_48.bag) by extensions ['colcon_meta']
[1.750s] Level 1:colcon.colcon_core.package_identification:_identify(/home/elie/CORO-IMARO/M2/Semester2/Coding/my_master_thesis/visualize_ros2_bags/ros_bags/rosbag2_2021_07_21-18_11_48.bag) by extension 'colcon_meta'
[1.750s] Level 1:colcon.colcon_core.package_identification:_identify(/home/elie/CORO-IMARO/M2/Semester2/Coding/my_master_thesis/visualize_ros2_bags/ros_bags/rosbag2_2021_07_21-18_11_48.bag) by extensions ['ros']
[1.750s] Level 1:colcon.colcon_core.package_identification:_identify(/home/elie/CORO-IMARO/M2/Semester2/Coding/my_master_thesis/visualize_ros2_bags/ros_bags/rosbag2_2021_07_21-18_11_48.bag) by extension 'ros'
[1.751s] Level 1:colcon.colcon_core.package_identification:_identify(/home/elie/CORO-IMARO/M2/Semester2/Coding/my_master_thesis/visualize_ros2_bags/ros_bags/rosbag2_2021_07_21-18_11_48.bag) by extensions ['cmake', 'python']
[1.751s] Level 1:colcon.colcon_core.package_identification:_identify(/home/elie/CORO-IMARO/M2/Semester2/Coding/my_master_thesis/visualize_ros2_bags/ros_bags/rosbag2_2021_07_21-18_11_48.bag) by extension 'cmake'
[1.751s] Level 1:colcon.colcon_core.package_identification:_identify(/home/elie/CORO-IMARO/M2/Semester2/Coding/my_master_thesis/visualize_ros2_bags/ros_bags/rosbag2_2021_07_21-18_11_48.bag) by extension 'python'
[1.751s] Level 1:colcon.colcon_core.package_identification:_identify(/home/elie/CORO-IMARO/M2/Semester2/Coding/my_master_thesis/visualize_ros2_bags/ros_bags/rosbag2_2021_07_21-18_11_48.bag) by extensions ['python_setup_py']
[1.751s] Level 1:colcon.colcon_core.package_identification:_identify(/home/elie/CORO-IMARO/M2/Semester2/Coding/my_master_thesis/visualize_ros2_bags/ros_bags/rosbag2_2021_07_21-18_11_48.bag) by extension 'python_setup_py'
[1.751s] Level 1:colcon.colcon_core.package_discovery:discover_packages(recursive) using defaults
